

Started GET "/" for ::1 at 2016-08-05 22:23:41 -0600
Processing by Rails::WelcomeController#index as HTML
  Rendered /Users/gregkrathwohl/.rbenv/versions/2.3.1/lib/ruby/gems/2.3.0/gems/railties-4.2.6/lib/rails/templates/rails/welcome/index.html.erb (1.8ms)
Completed 200 OK in 25ms (Views: 15.6ms | ActiveRecord: 0.0ms)


Started GET "/" for ::1 at 2016-08-05 22:28:34 -0600

ActiveRecord::PendingMigrationError (

Migrations are pending. To resolve this issue, run:

	bin/rake db:migrate RAILS_ENV=development

):
  activerecord (4.2.6) lib/active_record/migration.rb:392:in `check_pending!'
  activerecord (4.2.6) lib/active_record/migration.rb:373:in `call'
  actionpack (4.2.6) lib/action_dispatch/middleware/callbacks.rb:29:in `block in call'
  activesupport (4.2.6) lib/active_support/callbacks.rb:88:in `__run_callbacks__'
  activesupport (4.2.6) lib/active_support/callbacks.rb:778:in `_run_call_callbacks'
  activesupport (4.2.6) lib/active_support/callbacks.rb:81:in `run_callbacks'
  actionpack (4.2.6) lib/action_dispatch/middleware/callbacks.rb:27:in `call'
  actionpack (4.2.6) lib/action_dispatch/middleware/reloader.rb:73:in `call'
  actionpack (4.2.6) lib/action_dispatch/middleware/remote_ip.rb:78:in `call'
  actionpack (4.2.6) lib/action_dispatch/middleware/debug_exceptions.rb:17:in `call'
  web-console (2.3.0) lib/web_console/middleware.rb:28:in `block in call'
  web-console (2.3.0) lib/web_console/middleware.rb:18:in `catch'
  web-console (2.3.0) lib/web_console/middleware.rb:18:in `call'
  actionpack (4.2.6) lib/action_dispatch/middleware/show_exceptions.rb:30:in `call'
  railties (4.2.6) lib/rails/rack/logger.rb:38:in `call_app'
  railties (4.2.6) lib/rails/rack/logger.rb:20:in `block in call'
  activesupport (4.2.6) lib/active_support/tagged_logging.rb:68:in `block in tagged'
  activesupport (4.2.6) lib/active_support/tagged_logging.rb:26:in `tagged'
  activesupport (4.2.6) lib/active_support/tagged_logging.rb:68:in `tagged'
  railties (4.2.6) lib/rails/rack/logger.rb:20:in `call'
  actionpack (4.2.6) lib/action_dispatch/middleware/request_id.rb:21:in `call'
  rack (1.6.4) lib/rack/methodoverride.rb:22:in `call'
  rack (1.6.4) lib/rack/runtime.rb:18:in `call'
  activesupport (4.2.6) lib/active_support/cache/strategy/local_cache_middleware.rb:28:in `call'
  rack (1.6.4) lib/rack/lock.rb:17:in `call'
  actionpack (4.2.6) lib/action_dispatch/middleware/static.rb:120:in `call'
  rack (1.6.4) lib/rack/sendfile.rb:113:in `call'
  railties (4.2.6) lib/rails/engine.rb:518:in `call'
  railties (4.2.6) lib/rails/application.rb:165:in `call'
  rack (1.6.4) lib/rack/lock.rb:17:in `call'
  rack (1.6.4) lib/rack/content_length.rb:15:in `call'
  rack (1.6.4) lib/rack/handler/webrick.rb:88:in `service'
  /Users/gregkrathwohl/.rbenv/versions/2.3.1/lib/ruby/2.3.0/webrick/httpserver.rb:140:in `service'
  /Users/gregkrathwohl/.rbenv/versions/2.3.1/lib/ruby/2.3.0/webrick/httpserver.rb:96:in `run'
  /Users/gregkrathwohl/.rbenv/versions/2.3.1/lib/ruby/2.3.0/webrick/server.rb:296:in `block in start_thread'


  Rendered /Users/gregkrathwohl/.rbenv/versions/2.3.1/lib/ruby/gems/2.3.0/gems/actionpack-4.2.6/lib/action_dispatch/middleware/templates/rescues/_source.erb (1.9ms)
  Rendered /Users/gregkrathwohl/.rbenv/versions/2.3.1/lib/ruby/gems/2.3.0/gems/actionpack-4.2.6/lib/action_dispatch/middleware/templates/rescues/_trace.html.erb (1.3ms)
  Rendered /Users/gregkrathwohl/.rbenv/versions/2.3.1/lib/ruby/gems/2.3.0/gems/actionpack-4.2.6/lib/action_dispatch/middleware/templates/rescues/_request_and_response.html.erb (0.8ms)
  Rendered /Users/gregkrathwohl/.rbenv/versions/2.3.1/lib/ruby/gems/2.3.0/gems/actionpack-4.2.6/lib/action_dispatch/middleware/templates/rescues/diagnostics.html.erb within rescues/layout (65.3ms)
  Rendered /Users/gregkrathwohl/.rbenv/versions/2.3.1/lib/ruby/gems/2.3.0/gems/web-console-2.3.0/lib/web_console/templates/_markup.html.erb (0.4ms)
  Rendered /Users/gregkrathwohl/.rbenv/versions/2.3.1/lib/ruby/gems/2.3.0/gems/web-console-2.3.0/lib/web_console/templates/_inner_console_markup.html.erb within layouts/inlined_string (0.3ms)
  Rendered /Users/gregkrathwohl/.rbenv/versions/2.3.1/lib/ruby/gems/2.3.0/gems/web-console-2.3.0/lib/web_console/templates/_prompt_box_markup.html.erb within layouts/inlined_string (0.3ms)
  Rendered /Users/gregkrathwohl/.rbenv/versions/2.3.1/lib/ruby/gems/2.3.0/gems/web-console-2.3.0/lib/web_console/templates/style.css.erb within layouts/inlined_string (0.5ms)
  Rendered /Users/gregkrathwohl/.rbenv/versions/2.3.1/lib/ruby/gems/2.3.0/gems/web-console-2.3.0/lib/web_console/templates/console.js.erb within layouts/javascript (76.1ms)
  Rendered /Users/gregkrathwohl/.rbenv/versions/2.3.1/lib/ruby/gems/2.3.0/gems/web-console-2.3.0/lib/web_console/templates/main.js.erb within layouts/javascript (0.3ms)
  Rendered /Users/gregkrathwohl/.rbenv/versions/2.3.1/lib/ruby/gems/2.3.0/gems/web-console-2.3.0/lib/web_console/templates/error_page.js.erb within layouts/javascript (0.4ms)
  Rendered /Users/gregkrathwohl/.rbenv/versions/2.3.1/lib/ruby/gems/2.3.0/gems/web-console-2.3.0/lib/web_console/templates/index.html.erb (160.5ms)


Started GET "/" for ::1 at 2016-08-05 22:28:35 -0600

ActiveRecord::PendingMigrationError (

Migrations are pending. To resolve this issue, run:

	bin/rake db:migrate RAILS_ENV=development

):
  activerecord (4.2.6) lib/active_record/migration.rb:392:in `check_pending!'
  activerecord (4.2.6) lib/active_record/migration.rb:373:in `call'
  actionpack (4.2.6) lib/action_dispatch/middleware/callbacks.rb:29:in `block in call'
  activesupport (4.2.6) lib/active_support/callbacks.rb:88:in `__run_callbacks__'
  activesupport (4.2.6) lib/active_support/callbacks.rb:778:in `_run_call_callbacks'
  activesupport (4.2.6) lib/active_support/callbacks.rb:81:in `run_callbacks'
  actionpack (4.2.6) lib/action_dispatch/middleware/callbacks.rb:27:in `call'
  actionpack (4.2.6) lib/action_dispatch/middleware/reloader.rb:73:in `call'
  actionpack (4.2.6) lib/action_dispatch/middleware/remote_ip.rb:78:in `call'
  actionpack (4.2.6) lib/action_dispatch/middleware/debug_exceptions.rb:17:in `call'
  web-console (2.3.0) lib/web_console/middleware.rb:28:in `block in call'
  web-console (2.3.0) lib/web_console/middleware.rb:18:in `catch'
  web-console (2.3.0) lib/web_console/middleware.rb:18:in `call'
  actionpack (4.2.6) lib/action_dispatch/middleware/show_exceptions.rb:30:in `call'
  railties (4.2.6) lib/rails/rack/logger.rb:38:in `call_app'
  railties (4.2.6) lib/rails/rack/logger.rb:20:in `block in call'
  activesupport (4.2.6) lib/active_support/tagged_logging.rb:68:in `block in tagged'
  activesupport (4.2.6) lib/active_support/tagged_logging.rb:26:in `tagged'
  activesupport (4.2.6) lib/active_support/tagged_logging.rb:68:in `tagged'
  railties (4.2.6) lib/rails/rack/logger.rb:20:in `call'
  actionpack (4.2.6) lib/action_dispatch/middleware/request_id.rb:21:in `call'
  rack (1.6.4) lib/rack/methodoverride.rb:22:in `call'
  rack (1.6.4) lib/rack/runtime.rb:18:in `call'
  activesupport (4.2.6) lib/active_support/cache/strategy/local_cache_middleware.rb:28:in `call'
  rack (1.6.4) lib/rack/lock.rb:17:in `call'
  actionpack (4.2.6) lib/action_dispatch/middleware/static.rb:120:in `call'
  rack (1.6.4) lib/rack/sendfile.rb:113:in `call'
  railties (4.2.6) lib/rails/engine.rb:518:in `call'
  railties (4.2.6) lib/rails/application.rb:165:in `call'
  rack (1.6.4) lib/rack/lock.rb:17:in `call'
  rack (1.6.4) lib/rack/content_length.rb:15:in `call'
  rack (1.6.4) lib/rack/handler/webrick.rb:88:in `service'
  /Users/gregkrathwohl/.rbenv/versions/2.3.1/lib/ruby/2.3.0/webrick/httpserver.rb:140:in `service'
  /Users/gregkrathwohl/.rbenv/versions/2.3.1/lib/ruby/2.3.0/webrick/httpserver.rb:96:in `run'
  /Users/gregkrathwohl/.rbenv/versions/2.3.1/lib/ruby/2.3.0/webrick/server.rb:296:in `block in start_thread'


  Rendered /Users/gregkrathwohl/.rbenv/versions/2.3.1/lib/ruby/gems/2.3.0/gems/actionpack-4.2.6/lib/action_dispatch/middleware/templates/rescues/_source.erb (2.0ms)
  Rendered /Users/gregkrathwohl/.rbenv/versions/2.3.1/lib/ruby/gems/2.3.0/gems/actionpack-4.2.6/lib/action_dispatch/middleware/templates/rescues/_trace.html.erb (1.4ms)
  Rendered /Users/gregkrathwohl/.rbenv/versions/2.3.1/lib/ruby/gems/2.3.0/gems/actionpack-4.2.6/lib/action_dispatch/middleware/templates/rescues/_request_and_response.html.erb (0.9ms)
  Rendered /Users/gregkrathwohl/.rbenv/versions/2.3.1/lib/ruby/gems/2.3.0/gems/actionpack-4.2.6/lib/action_dispatch/middleware/templates/rescues/diagnostics.html.erb within rescues/layout (54.2ms)
  Rendered /Users/gregkrathwohl/.rbenv/versions/2.3.1/lib/ruby/gems/2.3.0/gems/web-console-2.3.0/lib/web_console/templates/_markup.html.erb (0.6ms)
  Rendered /Users/gregkrathwohl/.rbenv/versions/2.3.1/lib/ruby/gems/2.3.0/gems/web-console-2.3.0/lib/web_console/templates/_inner_console_markup.html.erb within layouts/inlined_string (0.6ms)
  Rendered /Users/gregkrathwohl/.rbenv/versions/2.3.1/lib/ruby/gems/2.3.0/gems/web-console-2.3.0/lib/web_console/templates/_prompt_box_markup.html.erb within layouts/inlined_string (0.3ms)
  Rendered /Users/gregkrathwohl/.rbenv/versions/2.3.1/lib/ruby/gems/2.3.0/gems/web-console-2.3.0/lib/web_console/templates/style.css.erb within layouts/inlined_string (0.4ms)
  Rendered /Users/gregkrathwohl/.rbenv/versions/2.3.1/lib/ruby/gems/2.3.0/gems/web-console-2.3.0/lib/web_console/templates/console.js.erb within layouts/javascript (55.5ms)
  Rendered /Users/gregkrathwohl/.rbenv/versions/2.3.1/lib/ruby/gems/2.3.0/gems/web-console-2.3.0/lib/web_console/templates/main.js.erb within layouts/javascript (0.3ms)
  Rendered /Users/gregkrathwohl/.rbenv/versions/2.3.1/lib/ruby/gems/2.3.0/gems/web-console-2.3.0/lib/web_console/templates/error_page.js.erb within layouts/javascript (0.5ms)
  Rendered /Users/gregkrathwohl/.rbenv/versions/2.3.1/lib/ruby/gems/2.3.0/gems/web-console-2.3.0/lib/web_console/templates/index.html.erb (124.7ms)


Started GET "/" for ::1 at 2016-08-05 22:30:11 -0600

ActiveRecord::PendingMigrationError (

Migrations are pending. To resolve this issue, run:

	bin/rake db:migrate RAILS_ENV=development

):
  activerecord (4.2.6) lib/active_record/migration.rb:392:in `check_pending!'
  activerecord (4.2.6) lib/active_record/migration.rb:373:in `call'
  actionpack (4.2.6) lib/action_dispatch/middleware/callbacks.rb:29:in `block in call'
  activesupport (4.2.6) lib/active_support/callbacks.rb:88:in `__run_callbacks__'
  activesupport (4.2.6) lib/active_support/callbacks.rb:778:in `_run_call_callbacks'
  activesupport (4.2.6) lib/active_support/callbacks.rb:81:in `run_callbacks'
  actionpack (4.2.6) lib/action_dispatch/middleware/callbacks.rb:27:in `call'
  actionpack (4.2.6) lib/action_dispatch/middleware/reloader.rb:73:in `call'
  actionpack (4.2.6) lib/action_dispatch/middleware/remote_ip.rb:78:in `call'
  actionpack (4.2.6) lib/action_dispatch/middleware/debug_exceptions.rb:17:in `call'
  web-console (2.3.0) lib/web_console/middleware.rb:28:in `block in call'
  web-console (2.3.0) lib/web_console/middleware.rb:18:in `catch'
  web-console (2.3.0) lib/web_console/middleware.rb:18:in `call'
  actionpack (4.2.6) lib/action_dispatch/middleware/show_exceptions.rb:30:in `call'
  railties (4.2.6) lib/rails/rack/logger.rb:38:in `call_app'
  railties (4.2.6) lib/rails/rack/logger.rb:20:in `block in call'
  activesupport (4.2.6) lib/active_support/tagged_logging.rb:68:in `block in tagged'
  activesupport (4.2.6) lib/active_support/tagged_logging.rb:26:in `tagged'
  activesupport (4.2.6) lib/active_support/tagged_logging.rb:68:in `tagged'
  railties (4.2.6) lib/rails/rack/logger.rb:20:in `call'
  actionpack (4.2.6) lib/action_dispatch/middleware/request_id.rb:21:in `call'
  rack (1.6.4) lib/rack/methodoverride.rb:22:in `call'
  rack (1.6.4) lib/rack/runtime.rb:18:in `call'
  activesupport (4.2.6) lib/active_support/cache/strategy/local_cache_middleware.rb:28:in `call'
  rack (1.6.4) lib/rack/lock.rb:17:in `call'
  actionpack (4.2.6) lib/action_dispatch/middleware/static.rb:120:in `call'
  rack (1.6.4) lib/rack/sendfile.rb:113:in `call'
  railties (4.2.6) lib/rails/engine.rb:518:in `call'
  railties (4.2.6) lib/rails/application.rb:165:in `call'
  rack (1.6.4) lib/rack/lock.rb:17:in `call'
  rack (1.6.4) lib/rack/content_length.rb:15:in `call'
  rack (1.6.4) lib/rack/handler/webrick.rb:88:in `service'
  /Users/gregkrathwohl/.rbenv/versions/2.3.1/lib/ruby/2.3.0/webrick/httpserver.rb:140:in `service'
  /Users/gregkrathwohl/.rbenv/versions/2.3.1/lib/ruby/2.3.0/webrick/httpserver.rb:96:in `run'
  /Users/gregkrathwohl/.rbenv/versions/2.3.1/lib/ruby/2.3.0/webrick/server.rb:296:in `block in start_thread'


  Rendered /Users/gregkrathwohl/.rbenv/versions/2.3.1/lib/ruby/gems/2.3.0/gems/actionpack-4.2.6/lib/action_dispatch/middleware/templates/rescues/_source.erb (1.9ms)
  Rendered /Users/gregkrathwohl/.rbenv/versions/2.3.1/lib/ruby/gems/2.3.0/gems/actionpack-4.2.6/lib/action_dispatch/middleware/templates/rescues/_trace.html.erb (1.4ms)
  Rendered /Users/gregkrathwohl/.rbenv/versions/2.3.1/lib/ruby/gems/2.3.0/gems/actionpack-4.2.6/lib/action_dispatch/middleware/templates/rescues/_request_and_response.html.erb (0.9ms)
  Rendered /Users/gregkrathwohl/.rbenv/versions/2.3.1/lib/ruby/gems/2.3.0/gems/actionpack-4.2.6/lib/action_dispatch/middleware/templates/rescues/diagnostics.html.erb within rescues/layout (55.3ms)
  Rendered /Users/gregkrathwohl/.rbenv/versions/2.3.1/lib/ruby/gems/2.3.0/gems/web-console-2.3.0/lib/web_console/templates/_markup.html.erb (0.5ms)
  Rendered /Users/gregkrathwohl/.rbenv/versions/2.3.1/lib/ruby/gems/2.3.0/gems/web-console-2.3.0/lib/web_console/templates/_inner_console_markup.html.erb within layouts/inlined_string (0.4ms)
  Rendered /Users/gregkrathwohl/.rbenv/versions/2.3.1/lib/ruby/gems/2.3.0/gems/web-console-2.3.0/lib/web_console/templates/_prompt_box_markup.html.erb within layouts/inlined_string (0.3ms)
  Rendered /Users/gregkrathwohl/.rbenv/versions/2.3.1/lib/ruby/gems/2.3.0/gems/web-console-2.3.0/lib/web_console/templates/style.css.erb within layouts/inlined_string (0.5ms)
  Rendered /Users/gregkrathwohl/.rbenv/versions/2.3.1/lib/ruby/gems/2.3.0/gems/web-console-2.3.0/lib/web_console/templates/console.js.erb within layouts/javascript (54.8ms)
  Rendered /Users/gregkrathwohl/.rbenv/versions/2.3.1/lib/ruby/gems/2.3.0/gems/web-console-2.3.0/lib/web_console/templates/main.js.erb within layouts/javascript (0.3ms)
  Rendered /Users/gregkrathwohl/.rbenv/versions/2.3.1/lib/ruby/gems/2.3.0/gems/web-console-2.3.0/lib/web_console/templates/error_page.js.erb within layouts/javascript (0.3ms)
  Rendered /Users/gregkrathwohl/.rbenv/versions/2.3.1/lib/ruby/gems/2.3.0/gems/web-console-2.3.0/lib/web_console/templates/index.html.erb (117.3ms)
  [1m[36m (1.1ms)[0m  [1mCREATE TABLE "schema_migrations" ("version" varchar NOT NULL) [0m
  [1m[35m (0.4ms)[0m  select sqlite_version(*)
  [1m[36m (0.8ms)[0m  [1mCREATE UNIQUE INDEX "unique_schema_migrations" ON "schema_migrations" ("version")[0m
  [1m[35mActiveRecord::SchemaMigration Load (0.1ms)[0m  SELECT "schema_migrations".* FROM "schema_migrations"
Migrating to CreateCourses (20160806042824)
  [1m[36m (0.1ms)[0m  [1mbegin transaction[0m
  [1m[35m (0.4ms)[0m  CREATE TABLE "courses" ("id" INTEGER PRIMARY KEY AUTOINCREMENT NOT NULL, "name" varchar, "url" varchar, "description" varchar, "created_at" datetime NOT NULL, "updated_at" datetime NOT NULL) 
  [1m[36mSQL (0.2ms)[0m  [1mINSERT INTO "schema_migrations" ("version") VALUES (?)[0m  [["version", "20160806042824"]]
  [1m[35m (0.7ms)[0m  commit transaction
  [1m[36mActiveRecord::SchemaMigration Load (0.1ms)[0m  [1mSELECT "schema_migrations".* FROM "schema_migrations"[0m


Started GET "/" for ::1 at 2016-08-07 19:58:34 -0600
  [1m[36mActiveRecord::SchemaMigration Load (0.3ms)[0m  [1mSELECT "schema_migrations".* FROM "schema_migrations"[0m
Processing by Rails::WelcomeController#index as HTML
  Rendered /Users/gregkrathwohl/.rbenv/versions/2.3.1/lib/ruby/gems/2.3.0/gems/railties-4.2.6/lib/rails/templates/rails/welcome/index.html.erb (2.1ms)
Completed 200 OK in 22ms (Views: 12.8ms | ActiveRecord: 0.0ms)


Started GET "/courses" for ::1 at 2016-08-07 19:58:39 -0600
Processing by CoursesController#index as HTML
  [1m[35mCourse Load (0.6ms)[0m  SELECT "courses".* FROM "courses"
  Rendered courses/index.html.erb within layouts/application (2.5ms)
Completed 200 OK in 830ms (Views: 826.7ms | ActiveRecord: 0.7ms)


Started GET "/assets/courses.self-e3b0c44298fc1c149afbf4c8996fb92427ae41e4649b934ca495991b7852b855.css?body=1" for ::1 at 2016-08-07 19:58:40 -0600


Started GET "/assets/scaffolds.self-8c31f5672ff56868416230318869364b1d05d8fb8c1ae7cf353660f62ec0d787.css?body=1" for ::1 at 2016-08-07 19:58:40 -0600


Started GET "/assets/application.self-e80e8f2318043e8af94dddc2adad5a4f09739a8ebb323b3ab31cd71d45fd9113.css?body=1" for ::1 at 2016-08-07 19:58:40 -0600


Started GET "/assets/courses.self-877aef30ae1b040ab8a3aba4e3e309a11d7f2612f44dde450b5c157aa5f95c05.js?body=1" for ::1 at 2016-08-07 19:58:40 -0600


Started GET "/assets/turbolinks.self-c5acd7a204f5f25ce7a1d8a0e4d92e28d34c9e2df2c7371cd7af88e147e4ad82.js?body=1" for ::1 at 2016-08-07 19:58:40 -0600


Started GET "/assets/jquery_ujs.self-e87806d0cf4489aeb1bb7288016024e8de67fd18db693fe026fe3907581e53cd.js?body=1" for ::1 at 2016-08-07 19:58:40 -0600


Started GET "/assets/jquery.self-660adc51e0224b731d29f575a6f1ec167ba08ad06ed5deca4f1e8654c135bf4c.js?body=1" for ::1 at 2016-08-07 19:58:40 -0600


Started GET "/assets/application.self-3b8dabdc891efe46b9a144b400ad69e37d7e5876bdc39dee783419a69d7ca819.js?body=1" for ::1 at 2016-08-07 19:58:40 -0600


Started GET "/courses/new" for ::1 at 2016-08-07 19:58:49 -0600
Processing by CoursesController#new as HTML
  Rendered courses/_form.html.erb (41.0ms)
  Rendered courses/new.html.erb within layouts/application (64.5ms)
Completed 200 OK in 96ms (Views: 89.9ms | ActiveRecord: 0.3ms)


Started POST "/courses" for ::1 at 2016-08-07 20:00:49 -0600
Processing by CoursesController#create as HTML
  Parameters: {"utf8"=>"✓", "authenticity_token"=>"pG2yYsaaQBl8la5QVXSK4kwtDKc5HFAjaLSTxyqH2esCiDIlTszLDmHdOAnyn3zYpwTut0dX+mw76kLFUqiGGw==", "course"=>{"name"=>"Gabes Run", "url"=>"http://www.gabesrun.org/sites/all/themes/gabe/images/gabesrun5k.jpg", "description"=>"The course begins and ends in Patton Park and makes it’s way over 3.1 miles of open fields and beautiful wooded trails. The trail features moderate changes in elevations and features the steep ascent of Scilly’s hill around the 2 mile mark."}, "commit"=>"Create Course"}
  [1m[36m (0.1ms)[0m  [1mbegin transaction[0m
  [1m[35mSQL (0.7ms)[0m  INSERT INTO "courses" ("name", "url", "description", "created_at", "updated_at") VALUES (?, ?, ?, ?, ?)  [["name", "Gabes Run"], ["url", "http://www.gabesrun.org/sites/all/themes/gabe/images/gabesrun5k.jpg"], ["description", "The course begins and ends in Patton Park and makes it’s way over 3.1 miles of open fields and beautiful wooded trails. The trail features moderate changes in elevations and features the steep ascent of Scilly’s hill around the 2 mile mark."], ["created_at", "2016-08-08 02:00:49.289144"], ["updated_at", "2016-08-08 02:00:49.289144"]]
  [1m[36m (0.7ms)[0m  [1mcommit transaction[0m
Redirected to http://localhost:3000/courses/1
Completed 302 Found in 9ms (ActiveRecord: 1.5ms)


Started GET "/courses/1" for ::1 at 2016-08-07 20:00:49 -0600
Processing by CoursesController#show as HTML
  Parameters: {"id"=>"1"}
  [1m[35mCourse Load (0.2ms)[0m  SELECT  "courses".* FROM "courses" WHERE "courses"."id" = ? LIMIT 1  [["id", 1]]
  Rendered courses/show.html.erb within layouts/application (1.1ms)
Completed 200 OK in 39ms (Views: 29.5ms | ActiveRecord: 0.2ms)


Started GET "/courses/1.json" for ::1 at 2016-08-07 20:07:22 -0600
Processing by CoursesController#show as JSON
  Parameters: {"id"=>"1"}
  [1m[36mCourse Load (0.5ms)[0m  [1mSELECT  "courses".* FROM "courses" WHERE "courses"."id" = ? LIMIT 1[0m  [["id", 1]]
  Rendered courses/_course.json.jbuilder (3.8ms)
  Rendered courses/show.json.jbuilder (23.1ms)
Completed 200 OK in 47ms (Views: 35.4ms | ActiveRecord: 0.5ms)


Started GET "/courses.json" for ::1 at 2016-08-07 20:09:32 -0600
Processing by CoursesController#index as JSON
  [1m[35mCourse Load (0.4ms)[0m  SELECT "courses".* FROM "courses"
  Rendered courses/_course.json.jbuilder (1.5ms)
  Rendered courses/index.json.jbuilder (9.0ms)
Completed 200 OK in 16ms (Views: 14.0ms | ActiveRecord: 0.4ms)


Started GET "/courses" for ::1 at 2016-08-07 21:57:28 -0600
Processing by CoursesController#index as HTML
  [1m[36mCourse Load (0.6ms)[0m  [1mSELECT "courses".* FROM "courses"[0m
  Rendered courses/index.html.erb within layouts/application (35.0ms)
Completed 200 OK in 103ms (Views: 93.2ms | ActiveRecord: 0.6ms)


Started GET "/courses/new" for ::1 at 2016-08-07 22:03:47 -0600
Processing by CoursesController#new as HTML
  Rendered courses/_form.html.erb (30.6ms)
  Rendered courses/new.html.erb within layouts/application (35.4ms)
Completed 200 OK in 78ms (Views: 72.7ms | ActiveRecord: 0.0ms)


Started POST "/courses" for ::1 at 2016-08-07 22:04:48 -0600
Processing by CoursesController#create as HTML
  Parameters: {"utf8"=>"✓", "authenticity_token"=>"ySII7UDxHRLfh6L+tjbT4DgkJlBZ0xOBeSkMNTxvvwFvx4iqyKeWBcLPNKcR3SXa0w3EQCeYuc4qd903REDg8Q==", "course"=>{"name"=>"Stone Cat Trail Races", "url"=>"https://953aa33c-a-62cb3a1a-s-sites.googlegroups.com/site/stonecattrailraces/course/Stone%20Cat%20course%20map%202015.JPG", "description"=>"The course is a 12.5 mile trail loop, a mix of double track and single track trail, in Willowdale State Forest. The course is very runnable but has a lot of rocks and some sections contain many roots. The terrain is rolling.  There may be recently fallen leaves obscuring the footing."}, "commit"=>"Create Course"}
  [1m[35m (1.8ms)[0m  begin transaction
  [1m[36mSQL (0.5ms)[0m  [1mINSERT INTO "courses" ("name", "url", "description", "created_at", "updated_at") VALUES (?, ?, ?, ?, ?)[0m  [["name", "Stone Cat Trail Races"], ["url", "https://953aa33c-a-62cb3a1a-s-sites.googlegroups.com/site/stonecattrailraces/course/Stone%20Cat%20course%20map%202015.JPG"], ["description", "The course is a 12.5 mile trail loop, a mix of double track and single track trail, in Willowdale State Forest. The course is very runnable but has a lot of rocks and some sections contain many roots. The terrain is rolling.  There may be recently fallen leaves obscuring the footing."], ["created_at", "2016-08-08 04:04:48.501681"], ["updated_at", "2016-08-08 04:04:48.501681"]]
  [1m[35m (2.1ms)[0m  commit transaction
Redirected to http://localhost:3000/courses/2
Completed 302 Found in 23ms (ActiveRecord: 4.4ms)


Started GET "/courses/2" for ::1 at 2016-08-07 22:04:48 -0600
Processing by CoursesController#show as HTML
  Parameters: {"id"=>"2"}
  [1m[36mCourse Load (0.1ms)[0m  [1mSELECT  "courses".* FROM "courses" WHERE "courses"."id" = ? LIMIT 1[0m  [["id", 2]]
  Rendered courses/show.html.erb within layouts/application (2.3ms)
Completed 200 OK in 35ms (Views: 33.1ms | ActiveRecord: 0.1ms)


Started GET "/courses" for ::1 at 2016-08-07 22:04:51 -0600
Processing by CoursesController#index as HTML
  [1m[35mCourse Load (0.2ms)[0m  SELECT "courses".* FROM "courses"
  Rendered courses/index.html.erb within layouts/application (2.5ms)
Completed 200 OK in 27ms (Views: 26.3ms | ActiveRecord: 0.2ms)


Started GET "/courses.json" for ::1 at 2016-08-07 22:04:58 -0600
Processing by CoursesController#index as JSON
  [1m[36mCourse Load (1.4ms)[0m  [1mSELECT "courses".* FROM "courses"[0m
  Rendered courses/_course.json.jbuilder (0.9ms)
  Rendered courses/_course.json.jbuilder (0.2ms)
  Rendered courses/index.json.jbuilder (6.7ms)
Completed 200 OK in 11ms (Views: 9.0ms | ActiveRecord: 1.4ms)
